<?xml version="1.0" encoding="UTF-8"?>
<testng-results skipped="0" failed="1" total="3" passed="2">
  <reporter-output>
  </reporter-output>
  <suite name="Default suite" duration-ms="24460" started-at="2016-08-09T10:18:33Z" finished-at="2016-08-09T10:18:57Z">
    <groups>
    </groups>
    <test name="Default test" duration-ms="24460" started-at="2016-08-09T10:18:33Z" finished-at="2016-08-09T10:18:57Z">
      <class name="testFrameWork.loginGmail">
        <test-method status="PASS" signature="starterDriver()[pri:0, instance:testFrameWork.loginGmail@6cc7b4de]" name="starterDriver" is-config="true" duration-ms="2486" started-at="2016-08-09T03:18:33Z" finished-at="2016-08-09T03:18:35Z">
          <reporter-output>
          </reporter-output>
        </test-method> <!-- starterDriver -->
        <test-method status="PASS" signature="checkPage()[pri:0, instance:testFrameWork.loginGmail@6cc7b4de]" name="checkPage" duration-ms="2489" started-at="2016-08-09T03:18:35Z" finished-at="2016-08-09T03:18:38Z">
          <reporter-output>
          </reporter-output>
        </test-method> <!-- checkPage -->
        <test-method status="PASS" signature="closeDriver()[pri:0, instance:testFrameWork.loginGmail@6cc7b4de]" name="closeDriver" is-config="true" duration-ms="1011" started-at="2016-08-09T03:18:38Z" finished-at="2016-08-09T03:18:39Z">
          <reporter-output>
          </reporter-output>
        </test-method> <!-- closeDriver -->
        <test-method status="PASS" signature="starterDriver()[pri:0, instance:testFrameWork.loginGmail@6cc7b4de]" name="starterDriver" is-config="true" duration-ms="1895" started-at="2016-08-09T03:18:39Z" finished-at="2016-08-09T03:18:41Z">
          <reporter-output>
          </reporter-output>
        </test-method> <!-- starterDriver -->
        <test-method status="FAIL" signature="invalidLogin()[pri:0, instance:testFrameWork.loginGmail@6cc7b4de]" name="invalidLogin" duration-ms="4085" started-at="2016-08-09T03:18:41Z" finished-at="2016-08-09T03:18:45Z">
          <exception class="java.lang.AssertionError">
            <message>
              <![CDATA[expected [true] but found [false]]]>
            </message>
            <full-stacktrace>
              <![CDATA[java.lang.AssertionError: expected [true] but found [false]
	at org.testng.Assert.fail(Assert.java:94)
	at org.testng.Assert.failNotEquals(Assert.java:513)
	at org.testng.Assert.assertTrue(Assert.java:42)
	at org.testng.Assert.assertTrue(Assert.java:52)
	at testFrameWork.loginGmail.invalidLogin(loginGmail.java:85)
	at sun.reflect.NativeMethodAccessorImpl.invoke0(Native Method)
	at sun.reflect.NativeMethodAccessorImpl.invoke(NativeMethodAccessorImpl.java:62)
	at sun.reflect.DelegatingMethodAccessorImpl.invoke(DelegatingMethodAccessorImpl.java:43)
	at java.lang.reflect.Method.invoke(Method.java:497)
	at org.testng.internal.MethodInvocationHelper.invokeMethod(MethodInvocationHelper.java:100)
	at org.testng.internal.Invoker.invokeMethod(Invoker.java:646)
	at org.testng.internal.Invoker.invokeTestMethod(Invoker.java:811)
	at org.testng.internal.Invoker.invokeTestMethods(Invoker.java:1129)
	at org.testng.internal.TestMethodWorker.invokeTestMethods(TestMethodWorker.java:129)
	at org.testng.internal.TestMethodWorker.run(TestMethodWorker.java:112)
	at org.testng.TestRunner.privateRun(TestRunner.java:746)
	at org.testng.TestRunner.run(TestRunner.java:600)
	at org.testng.SuiteRunner.runTest(SuiteRunner.java:366)
	at org.testng.SuiteRunner.runSequentially(SuiteRunner.java:361)
	at org.testng.SuiteRunner.privateRun(SuiteRunner.java:319)
	at org.testng.SuiteRunner.run(SuiteRunner.java:268)
	at org.testng.SuiteRunnerWorker.runSuite(SuiteRunnerWorker.java:52)
	at org.testng.SuiteRunnerWorker.run(SuiteRunnerWorker.java:86)
	at org.testng.TestNG.runSuitesSequentially(TestNG.java:1264)
	at org.testng.TestNG.runSuitesLocally(TestNG.java:1189)
	at org.testng.TestNG.runSuites(TestNG.java:1104)
	at org.testng.TestNG.run(TestNG.java:1076)
	at org.testng.remote.AbstractRemoteTestNG.run(AbstractRemoteTestNG.java:126)
	at org.testng.remote.RemoteTestNG.initAndRun(RemoteTestNG.java:152)
	at org.testng.remote.RemoteTestNG.main(RemoteTestNG.java:57)
]]>
            </full-stacktrace>
          </exception> <!-- java.lang.AssertionError -->
          <reporter-output>
          </reporter-output>
        </test-method> <!-- invalidLogin -->
        <test-method status="PASS" signature="closeDriver()[pri:0, instance:testFrameWork.loginGmail@6cc7b4de]" name="closeDriver" is-config="true" duration-ms="919" started-at="2016-08-09T03:18:45Z" finished-at="2016-08-09T03:18:46Z">
          <reporter-output>
          </reporter-output>
        </test-method> <!-- closeDriver -->
        <test-method status="PASS" signature="starterDriver()[pri:0, instance:testFrameWork.loginGmail@6cc7b4de]" name="starterDriver" is-config="true" duration-ms="1894" started-at="2016-08-09T03:18:46Z" finished-at="2016-08-09T03:18:47Z">
          <reporter-output>
          </reporter-output>
        </test-method> <!-- starterDriver -->
        <test-method status="PASS" signature="validLogin()[pri:0, instance:testFrameWork.loginGmail@6cc7b4de]" name="validLogin" duration-ms="8463" started-at="2016-08-09T03:18:47Z" finished-at="2016-08-09T03:18:56Z">
          <reporter-output>
          </reporter-output>
        </test-method> <!-- validLogin -->
        <test-method status="PASS" signature="closeDriver()[pri:0, instance:testFrameWork.loginGmail@6cc7b4de]" name="closeDriver" is-config="true" duration-ms="933" started-at="2016-08-09T03:18:56Z" finished-at="2016-08-09T03:18:57Z">
          <reporter-output>
          </reporter-output>
        </test-method> <!-- closeDriver -->
        <test-method status="PASS" signature="houseCleaning()[pri:0, instance:testFrameWork.loginGmail@6cc7b4de]" name="houseCleaning" is-config="true" duration-ms="257" started-at="2016-08-09T03:18:57Z" finished-at="2016-08-09T03:18:57Z">
          <reporter-output>
          </reporter-output>
        </test-method> <!-- houseCleaning -->
      </class> <!-- testFrameWork.loginGmail -->
    </test> <!-- Default test -->
  </suite> <!-- Default suite -->
</testng-results>
