<?xml version="1.0" encoding="UTF-8"?>
<testng-results skipped="0" failed="0" total="1" passed="1">
  <reporter-output>
  </reporter-output>
  <suite name="Default suite" duration-ms="8017" started-at="2016-08-04T09:08:50Z" finished-at="2016-08-04T09:08:58Z">
    <groups>
    </groups>
    <test name="Default test" duration-ms="8017" started-at="2016-08-04T09:08:50Z" finished-at="2016-08-04T09:08:58Z">
      <class name="testFrameWork.loginGmail">
        <test-method status="PASS" signature="setup()[pri:0, instance:testFrameWork.loginGmail@20e2cbe0]" name="setup" is-config="true" duration-ms="2636" started-at="2016-08-04T02:08:50Z" finished-at="2016-08-04T02:08:53Z">
          <reporter-output>
          </reporter-output>
        </test-method> <!-- setup -->
        <test-method status="PASS" signature="test2()[pri:0, instance:testFrameWork.loginGmail@20e2cbe0]" name="test2" duration-ms="3786" started-at="2016-08-04T02:08:53Z" finished-at="2016-08-04T02:08:57Z">
          <reporter-output>
          </reporter-output>
        </test-method> <!-- test2 -->
        <test-method status="PASS" signature="houseCleaning(org.testng.ITestResult)[pri:0, instance:testFrameWork.loginGmail@20e2cbe0]" name="houseCleaning" is-config="true" duration-ms="1574" started-at="2016-08-04T02:08:57Z" finished-at="2016-08-04T02:08:58Z">
          <params>
            <param index="0">
              <value>
                <![CDATA[[TestResult name=test2 status=SUCCESS method=loginGmail.test2()[pri:0, instance:testFrameWork.loginGmail@20e2cbe0] output={null}]]]>
              </value>
            </param>
          </params>
          <reporter-output>
          </reporter-output>
        </test-method> <!-- houseCleaning -->
      </class> <!-- testFrameWork.loginGmail -->
    </test> <!-- Default test -->
  </suite> <!-- Default suite -->
</testng-results>
